<?xml version="1.0" encoding="UTF-8"?>
<testng-results ignored="0" total="1" passed="1" failed="0" skipped="0">
  <reporter-output>
  </reporter-output>
  <suite started-at="2024-02-14T12:04:15 IST" name="Default suite" finished-at="2024-02-14T12:04:21 IST" duration-ms="6197">
    <groups>
    </groups>
    <test started-at="2024-02-14T12:04:15 IST" name="Default test" finished-at="2024-02-14T12:04:21 IST" duration-ms="6197">
      <class name="workpulseapi.AddBookTask">
        <test-method is-config="true" signature="reportGenerate()[pri:0, instance:workpulseapi.AddBookTask@6a370f4]" started-at="2024-02-14T12:04:15 IST" name="reportGenerate" finished-at="2024-02-14T12:04:15 IST" duration-ms="185" status="PASS">
          <reporter-output>
          </reporter-output>
        </test-method> <!-- reportGenerate -->
        <test-method signature="addjournalnote()[pri:2, instance:workpulseapi.AddBookTask@6a370f4]" started-at="2024-02-14T12:04:15 IST" name="addjournalnote" finished-at="2024-02-14T12:04:21 IST" duration-ms="6148" status="PASS">
          <reporter-output>
          </reporter-output>
        </test-method> <!-- addjournalnote -->
        <test-method is-config="true" signature="getResult(org.testng.ITestResult)[pri:0, instance:workpulseapi.AddBookTask@6a370f4]" started-at="2024-02-14T12:04:21 IST" name="getResult" finished-at="2024-02-14T12:04:21 IST" duration-ms="11" status="PASS">
          <params>
            <param index="0">
              <value>
                <![CDATA[[TestResult name=addjournalnote status=SUCCESS method=AddBookTask.addjournalnote()[pri:2, instance:workpulseapi.AddBookTask@6a370f4] output={null}]]]>
              </value>
            </param>
          </params>
          <reporter-output>
          </reporter-output>
        </test-method> <!-- getResult -->
        <test-method is-config="true" signature="reportflush()[pri:0, instance:workpulseapi.AddBookTask@6a370f4]" started-at="2024-02-14T12:04:21 IST" name="reportflush" finished-at="2024-02-14T12:04:22 IST" duration-ms="427" status="PASS">
          <reporter-output>
          </reporter-output>
        </test-method> <!-- reportflush -->
      </class> <!-- workpulseapi.AddBookTask -->
    </test> <!-- Default test -->
  </suite> <!-- Default suite -->
</testng-results>
